<?xml version="1.0" encoding="UTF-8"?>
<!-- Generated by org.testng.reporters.JUnitReportReporter -->
<testsuite hostname="Comp" failures="0" tests="2" name="iFrameWindowsHandleTest" time="17.236" errors="0" timestamp="2025-02-23T14:47:33 EET" skipped="0">
  <testcase classname="iFrameWindowsHandleTest" name="checkSocialsInFooter" time="13.784"/>
  <testcase classname="iFrameWindowsHandleTest" name="checkIframe" time="3.452"/>
</testsuite> <!-- iFrameWindowsHandleTest -->
