<?xml version="1.0" encoding="UTF-8"?>
<!-- Generated by org.testng.reporters.JUnitReportReporter -->
<testsuite hostname="Comp" failures="0" tests="2" name="SeleniumTest" time="8.502" errors="0" timestamp="2025-02-23T14:47:33 EET" skipped="0">
  <testcase classname="SeleniumTest" name="checkSignUpButtonColor" time="4.915"/>
  <testcase classname="SeleniumTest" name="checkHeaderLogo" time="3.587"/>
</testsuite> <!-- SeleniumTest -->
