<?xml version="1.0" encoding="UTF-8"?>
<!-- Generated by org.testng.reporters.JUnitReportReporter -->
<testsuite hostname="Comp" failures="0" tests="2" name="WaitersTest" time="8.462" errors="0" timestamp="2025-02-23T14:47:33 EET" skipped="0">
  <testcase classname="WaitersTest" name="checkButtonToBeClickable" time="3.711"/>
  <testcase classname="WaitersTest" name="checkTitleOfPage" time="4.751"/>
</testsuite> <!-- WaitersTest -->
