<?xml version="1.0" encoding="UTF-8"?>
<!-- Generated by org.testng.reporters.JUnitReportReporter -->
<testsuite hostname="Comp" failures="0" tests="2" name="AssertTest" time="7.986" errors="0" timestamp="2025-02-23T14:47:33 EET" skipped="0">
  <testcase classname="AssertTest" name="checkIfLogoIsDisplayed" time="3.647"/>
  <testcase classname="AssertTest" name="checkBackgroundColor" time="4.339"/>
</testsuite> <!-- AssertTest -->
